[29/Apr/2021 14:42:01] INFO [api_logger:36] Programa Iniciado.
[29/Apr/2021 14:45:07] INFO [api_logger:36] Programa Iniciado.
[29/Apr/2021 14:47:07] INFO [api_logger:36] Programa Iniciado.
[29/Apr/2021 14:47:10] INFO [api_logger:711] Programa finalizado com o codigo [200] | Tempo online [2.57s]
[29/Apr/2021 14:58:17] INFO [api_logger:36] Programa Iniciado.
[29/Apr/2021 14:58:19] INFO [api_logger:711] Programa finalizado com o codigo [200] | Tempo online [1.958s]
[29/Apr/2021 15:17:17] INFO [api_logger:39] Programa Iniciado.
[29/Apr/2021 15:17:19] INFO [api_logger:714] Programa finalizado com o codigo [200] | Tempo online [1.752s]
[29/Apr/2021 15:17:34] INFO [api_logger:39] Programa Iniciado.
[29/Apr/2021 15:17:36] INFO [api_logger:714] Programa finalizado com o codigo [200] | Tempo online [1.774s]
[30/Apr/2021 09:21:57] INFO [api_logger:38] Programa Iniciado.
[30/Apr/2021 09:22:59] INFO [api_logger:38] Programa Iniciado.
[30/Apr/2021 09:23:51] INFO [api_logger:38] Programa Iniciado.
[30/Apr/2021 09:24:07] INFO [api_logger:713] Programa finalizado com o codigo [200] | Tempo online [15.99s]
[03/May/2021 09:05:53] INFO [api_logger:38] Programa Iniciado.
[03/May/2021 09:06:31] INFO [api_logger:38] Programa Iniciado.
[03/May/2021 09:07:02] INFO [api_logger:38] Programa Iniciado.
[03/May/2021 09:07:18] INFO [api_logger:38] Programa Iniciado.
[03/May/2021 09:07:23] INFO [api_logger:718] Programa finalizado com o codigo [200] | Tempo online [5.218s]
[03/May/2021 09:25:36] INFO [api_logger:38] Programa Iniciado.
[03/May/2021 09:25:42] INFO [api_logger:740] Programa finalizado com o codigo [200] | Tempo online [6.803s]
[03/May/2021 09:32:27] INFO [api_logger:38] Programa Iniciado.
[03/May/2021 09:33:11] INFO [api_logger:38] Programa Iniciado.
[03/May/2021 09:34:09] INFO [api_logger:38] Programa Iniciado.
[03/May/2021 09:34:34] INFO [api_logger:38] Programa Iniciado.
[03/May/2021 09:35:27] INFO [api_logger:38] Programa Iniciado.
[03/May/2021 09:35:30] INFO [api_logger:735] Programa finalizado com o codigo [200] | Tempo online [2.491s]
[03/May/2021 09:36:46] INFO [api_logger:38] Programa Iniciado.
[03/May/2021 09:36:56] INFO [api_logger:740] Programa finalizado com o codigo [200] | Tempo online [9.549s]
[03/May/2021 09:37:15] INFO [api_logger:38] Programa Iniciado.
[03/May/2021 09:37:32] INFO [api_logger:38] Programa Iniciado.
[03/May/2021 09:38:53] INFO [api_logger:38] Programa Iniciado.
[03/May/2021 09:42:55] INFO [api_logger:38] Programa Iniciado.
[03/May/2021 09:47:32] INFO [api_logger:38] Programa Iniciado.
[03/May/2021 09:52:41] INFO [api_logger:38] Programa Iniciado.
[03/May/2021 09:56:50] INFO [api_logger:38] Programa Iniciado.
[03/May/2021 09:58:10] INFO [api_logger:38] Programa Iniciado.
[03/May/2021 09:58:31] INFO [api_logger:38] Programa Iniciado.
[03/May/2021 09:59:20] INFO [api_logger:38] Programa Iniciado.
[03/May/2021 10:06:50] INFO [api_logger:38] Programa Iniciado.
[03/May/2021 10:07:55] INFO [api_logger:38] Programa Iniciado.
[03/May/2021 10:11:57] INFO [api_logger:38] Programa Iniciado.
[03/May/2021 10:12:41] INFO [api_logger:38] Programa Iniciado.
[03/May/2021 10:13:06] INFO [api_logger:38] Programa Iniciado.
[03/May/2021 10:13:58] INFO [api_logger:38] Programa Iniciado.
[03/May/2021 10:15:38] INFO [api_logger:38] Programa Iniciado.
[03/May/2021 10:16:12] INFO [api_logger:38] Programa Iniciado.
[03/May/2021 10:17:05] INFO [api_logger:38] Programa Iniciado.
[03/May/2021 10:18:04] INFO [api_logger:38] Programa Iniciado.
[03/May/2021 10:19:12] INFO [api_logger:38] Programa Iniciado.
[03/May/2021 10:20:50] INFO [api_logger:38] Programa Iniciado.
[03/May/2021 10:21:27] INFO [api_logger:38] Programa Iniciado.
[03/May/2021 10:25:59] INFO [api_logger:38] Programa Iniciado.
[03/May/2021 10:26:47] INFO [api_logger:38] Programa Iniciado.
[03/May/2021 10:31:45] INFO [api_logger:38] Programa Iniciado.
[03/May/2021 10:32:02] INFO [api_logger:38] Programa Iniciado.
[03/May/2021 10:34:35] INFO [api_logger:38] Programa Iniciado.
[03/May/2021 10:35:13] INFO [api_logger:38] Programa Iniciado.
[03/May/2021 10:35:38] INFO [api_logger:38] Programa Iniciado.
[03/May/2021 10:36:44] INFO [api_logger:38] Programa Iniciado.
[03/May/2021 10:37:34] INFO [api_logger:38] Programa Iniciado.
[03/May/2021 10:46:00] INFO [api_logger:38] Programa Iniciado.
[03/May/2021 10:46:46] INFO [api_logger:38] Programa Iniciado.
[03/May/2021 10:47:07] INFO [api_logger:38] Programa Iniciado.
[03/May/2021 10:48:01] INFO [api_logger:38] Programa Iniciado.
[03/May/2021 10:51:29] INFO [api_logger:38] Programa Iniciado.
[03/May/2021 10:52:35] INFO [api_logger:38] Programa Iniciado.
[03/May/2021 10:53:30] INFO [api_logger:38] Programa Iniciado.
[03/May/2021 10:53:50] INFO [api_logger:38] Programa Iniciado.
[03/May/2021 10:54:38] INFO [api_logger:38] Programa Iniciado.
[03/May/2021 10:55:39] INFO [api_logger:38] Programa Iniciado.
[03/May/2021 11:00:14] INFO [api_logger:38] Programa Iniciado.
[03/May/2021 11:00:37] INFO [api_logger:38] Programa Iniciado.
[03/May/2021 11:02:32] INFO [api_logger:38] Programa Iniciado.
[03/May/2021 11:02:38] WARNING [api_logger:477] Camera do processo Hole nao pode ser lida.
[03/May/2021 11:02:38] INFO [api_logger:478] Verifique as conexoes USB
[03/May/2021 11:02:52] INFO [api_logger:38] Programa Iniciado.
[03/May/2021 11:03:19] INFO [api_logger:38] Programa Iniciado.
[03/May/2021 11:03:52] INFO [api_logger:38] Programa Iniciado.
[03/May/2021 11:40:40] INFO [api_logger:38] Programa Iniciado.
[03/May/2021 11:42:04] INFO [api_logger:38] Programa Iniciado.
[03/May/2021 11:42:20] INFO [api_logger:38] Programa Iniciado.
[03/May/2021 11:42:54] INFO [api_logger:38] Programa Iniciado.
[03/May/2021 11:43:37] INFO [api_logger:38] Programa Iniciado.
[03/May/2021 13:28:43] INFO [api_logger:38] Programa Iniciado.
[03/May/2021 13:34:39] INFO [api_logger:38] Programa Iniciado.
[03/May/2021 13:34:57] INFO [api_logger:38] Programa Iniciado.
[03/May/2021 13:35:36] INFO [api_logger:38] Programa Iniciado.
[03/May/2021 13:36:00] INFO [api_logger:38] Programa Iniciado.
[03/May/2021 13:36:46] INFO [api_logger:38] Programa Iniciado.
[03/May/2021 13:40:57] INFO [api_logger:38] Programa Iniciado.
[03/May/2021 13:41:07] INFO [api_logger:38] Programa Iniciado.
[03/May/2021 13:41:54] INFO [api_logger:38] Programa Iniciado.
[03/May/2021 13:42:49] INFO [api_logger:38] Programa Iniciado.
[03/May/2021 13:43:14] INFO [api_logger:38] Programa Iniciado.
[03/May/2021 13:43:31] INFO [api_logger:38] Programa Iniciado.
[03/May/2021 16:37:34] INFO [api_logger:38] Programa Iniciado.
[03/May/2021 16:37:44] WARNING [api_logger:797] As informacoes do arquivo temporario nao foram salvas.
[03/May/2021 16:37:44] INFO [api_logger:798] Programa finalizado com o codigo [199] | Tempo online [10.716s]
[03/May/2021 16:46:39] INFO [api_logger:38] Programa Iniciado.
[03/May/2021 16:46:50] WARNING [api_logger:797] As informacoes do arquivo temporario nao foram salvas.
[03/May/2021 16:46:50] INFO [api_logger:798] Programa finalizado com o codigo [199] | Tempo online [10.405s]
[04/May/2021 08:54:08] INFO [api_logger:38] Programa Iniciado.
[04/May/2021 09:24:28] INFO [api_logger:39] Programa Iniciado.
[04/May/2021 09:24:56] INFO [api_logger:39] Programa Iniciado.
[04/May/2021 09:25:13] INFO [api_logger:39] Programa Iniciado.
[04/May/2021 09:25:25] INFO [api_logger:774] Programa finalizado com o codigo [200] | Tempo online [11.988s]
[04/May/2021 09:25:52] INFO [api_logger:39] Programa Iniciado.
[04/May/2021 09:26:11] INFO [api_logger:774] Programa finalizado com o codigo [200] | Tempo online [18.479s]
[04/May/2021 09:28:27] INFO [api_logger:39] Programa Iniciado.
[04/May/2021 09:29:42] INFO [api_logger:39] Programa Iniciado.
[04/May/2021 09:29:55] INFO [api_logger:39] Programa Iniciado.
[04/May/2021 09:30:42] INFO [api_logger:39] Programa Iniciado.
[04/May/2021 09:31:03] INFO [api_logger:39] Programa Iniciado.
[04/May/2021 09:31:37] INFO [api_logger:39] Programa Iniciado.
[04/May/2021 09:32:09] INFO [api_logger:775] Programa finalizado com o codigo [200] | Tempo online [31.625s]
[04/May/2021 09:47:03] INFO [api_logger:39] Programa Iniciado.
[04/May/2021 09:47:42] INFO [api_logger:753] Programa finalizado com o codigo [200] | Tempo online [38.986s]
[04/May/2021 10:25:29] INFO [api_logger:39] Programa Iniciado.
[04/May/2021 10:26:10] INFO [api_logger:39] Programa Iniciado.
[04/May/2021 10:26:14] INFO [api_logger:39] Programa Iniciado.
[04/May/2021 10:27:06] INFO [api_logger:39] Programa Iniciado.
[04/May/2021 10:28:22] INFO [api_logger:39] Programa Iniciado.
[04/May/2021 10:28:42] INFO [api_logger:726] Programa finalizado com o codigo [200] | Tempo online [20.238s]
[04/May/2021 10:35:20] INFO [api_logger:39] Programa Iniciado.
[04/May/2021 10:35:29] INFO [api_logger:39] Programa Iniciado.
[04/May/2021 10:37:58] INFO [api_logger:39] Programa Iniciado.
[04/May/2021 10:38:49] INFO [api_logger:731] Programa finalizado com o codigo [200] | Tempo online [50.258s]
[04/May/2021 10:40:41] INFO [api_logger:39] Programa Iniciado.
[04/May/2021 10:41:19] INFO [api_logger:728] Programa finalizado com o codigo [200] | Tempo online [38.473s]
[04/May/2021 11:02:02] INFO [api_logger:39] Programa Iniciado.
[04/May/2021 11:03:16] INFO [api_logger:713] Programa finalizado com o codigo [200] | Tempo online [74.54s]
[04/May/2021 11:04:15] INFO [api_logger:39] Programa Iniciado.
[04/May/2021 11:04:49] INFO [api_logger:712] Programa finalizado com o codigo [200] | Tempo online [33.503s]
[04/May/2021 11:08:06] INFO [api_logger:39] Programa Iniciado.
[04/May/2021 11:08:23] INFO [api_logger:716] Programa finalizado com o codigo [200] | Tempo online [16.48s]
[04/May/2021 11:08:56] INFO [api_logger:39] Programa Iniciado.
[04/May/2021 11:10:15] INFO [api_logger:717] Programa finalizado com o codigo [200] | Tempo online [79.576s]
[04/May/2021 11:14:11] INFO [api_logger:39] Programa Iniciado.
[04/May/2021 11:15:05] INFO [api_logger:718] Programa finalizado com o codigo [200] | Tempo online [53.967s]
[04/May/2021 11:17:17] INFO [api_logger:39] Programa Iniciado.
[04/May/2021 11:17:42] INFO [api_logger:719] Programa finalizado com o codigo [200] | Tempo online [24.786s]
[04/May/2021 11:17:54] INFO [api_logger:39] Programa Iniciado.
[04/May/2021 11:18:17] INFO [api_logger:720] Programa finalizado com o codigo [200] | Tempo online [22.977s]
[04/May/2021 11:18:57] INFO [api_logger:39] Programa Iniciado.
[04/May/2021 11:22:10] INFO [api_logger:39] Programa Iniciado.
[04/May/2021 11:22:41] INFO [api_logger:716] Programa finalizado com o codigo [200] | Tempo online [31.228s]
[04/May/2021 11:22:56] INFO [api_logger:39] Programa Iniciado.
[04/May/2021 11:23:22] INFO [api_logger:717] Programa finalizado com o codigo [200] | Tempo online [25.486s]
[04/May/2021 11:23:46] INFO [api_logger:39] Programa Iniciado.
[04/May/2021 11:24:14] INFO [api_logger:717] Programa finalizado com o codigo [200] | Tempo online [28.077s]
[04/May/2021 11:24:33] INFO [api_logger:39] Programa Iniciado.
[04/May/2021 11:25:19] INFO [api_logger:718] Programa finalizado com o codigo [200] | Tempo online [46.008s]
[04/May/2021 11:26:32] INFO [api_logger:39] Programa Iniciado.
[04/May/2021 11:27:17] INFO [api_logger:720] Programa finalizado com o codigo [200] | Tempo online [44.922s]
[04/May/2021 11:27:44] INFO [api_logger:39] Programa Iniciado.
[04/May/2021 11:28:03] INFO [api_logger:720] Programa finalizado com o codigo [200] | Tempo online [18.912s]
[04/May/2021 11:28:09] INFO [api_logger:39] Programa Iniciado.
[04/May/2021 11:28:46] INFO [api_logger:720] Programa finalizado com o codigo [200] | Tempo online [37.616s]
[04/May/2021 11:29:02] INFO [api_logger:39] Programa Iniciado.
[04/May/2021 11:29:57] INFO [api_logger:720] Programa finalizado com o codigo [200] | Tempo online [54.982s]
[04/May/2021 11:30:31] INFO [api_logger:39] Programa Iniciado.
[04/May/2021 11:31:03] INFO [api_logger:721] Programa finalizado com o codigo [200] | Tempo online [32.12s]
[04/May/2021 11:31:31] INFO [api_logger:39] Programa Iniciado.
[04/May/2021 11:31:53] INFO [api_logger:722] Programa finalizado com o codigo [200] | Tempo online [21.828s]
[04/May/2021 11:32:02] INFO [api_logger:39] Programa Iniciado.
[04/May/2021 11:32:39] INFO [api_logger:722] Programa finalizado com o codigo [200] | Tempo online [37.193s]
[04/May/2021 11:33:55] INFO [api_logger:39] Programa Iniciado.
[04/May/2021 11:34:33] INFO [api_logger:724] Programa finalizado com o codigo [200] | Tempo online [38.527s]
[04/May/2021 11:35:03] INFO [api_logger:39] Programa Iniciado.
[04/May/2021 11:35:29] INFO [api_logger:724] Programa finalizado com o codigo [200] | Tempo online [25.836s]
[04/May/2021 11:36:51] INFO [api_logger:39] Programa Iniciado.
[04/May/2021 11:37:12] INFO [api_logger:724] Programa finalizado com o codigo [200] | Tempo online [21.362s]
[04/May/2021 11:37:21] INFO [api_logger:39] Programa Iniciado.
[04/May/2021 11:39:08] INFO [api_logger:39] Programa Iniciado.
[04/May/2021 11:39:30] INFO [api_logger:723] Programa finalizado com o codigo [200] | Tempo online [22.566s]
[04/May/2021 11:40:19] INFO [api_logger:39] Programa Iniciado.
[04/May/2021 11:41:06] INFO [api_logger:39] Programa Iniciado.
[04/May/2021 11:41:27] INFO [api_logger:724] Programa finalizado com o codigo [200] | Tempo online [20.972s]
[04/May/2021 11:55:48] INFO [api_logger:39] Programa Iniciado.
[04/May/2021 11:56:09] INFO [api_logger:41] Programa Iniciado.
[04/May/2021 11:57:17] INFO [api_logger:39] Programa Iniciado.
[04/May/2021 11:57:38] INFO [api_logger:41] Programa Iniciado.
[04/May/2021 11:58:47] INFO [api_logger:39] Programa Iniciado.
[04/May/2021 11:59:05] INFO [api_logger:727] Programa finalizado com o codigo [200] | Tempo online [17.578s]
[04/May/2021 12:02:46] INFO [api_logger:39] Programa Iniciado.
[04/May/2021 13:15:45] INFO [api_logger:39] Programa Iniciado.
[04/May/2021 13:16:04] INFO [api_logger:41] Programa Iniciado.
[04/May/2021 13:18:49] INFO [api_logger:39] Programa Iniciado.
[04/May/2021 13:18:57] INFO [api_logger:39] Programa Iniciado.
[04/May/2021 13:21:40] INFO [api_logger:39] Programa Iniciado.
[04/May/2021 13:22:36] INFO [api_logger:39] Programa Iniciado.
[04/May/2021 13:38:29] INFO [api_logger:39] Programa Iniciado.
[04/May/2021 13:39:57] INFO [api_logger:39] Programa Iniciado.
[04/May/2021 13:41:31] INFO [api_logger:39] Programa Iniciado.
[04/May/2021 13:42:50] INFO [api_logger:39] Programa Iniciado.
[04/May/2021 13:47:34] INFO [api_logger:39] Programa Iniciado.
[04/May/2021 13:56:21] INFO [api_logger:39] Programa Iniciado.
[04/May/2021 13:58:02] INFO [api_logger:39] Programa Iniciado.
[04/May/2021 14:06:30] INFO [api_logger:39] Programa Iniciado.
[04/May/2021 14:06:45] INFO [api_logger:41] Programa Iniciado.
[04/May/2021 14:07:17] INFO [api_logger:39] Programa Iniciado.
[04/May/2021 14:07:53] INFO [api_logger:41] Programa Iniciado.
[04/May/2021 14:08:18] INFO [api_logger:41] Programa Iniciado.
[04/May/2021 14:11:01] INFO [api_logger:39] Programa Iniciado.
[04/May/2021 14:11:20] INFO [api_logger:41] Programa Iniciado.
[04/May/2021 14:11:42] INFO [api_logger:736] Programa finalizado com o codigo [200] | Tempo online [22.337s]
[04/May/2021 14:12:59] INFO [api_logger:39] Programa Iniciado.
[04/May/2021 14:13:24] WARNING [api_logger:783] As informacoes do arquivo temporario nao foram salvas.
[04/May/2021 14:13:24] INFO [api_logger:784] Programa finalizado com o codigo [199] | Tempo online [25.21s]
[04/May/2021 14:13:39] INFO [api_logger:41] Programa Iniciado.
[04/May/2021 14:14:00] WARNING [api_logger:783] As informacoes do arquivo temporario nao foram salvas.
[04/May/2021 14:14:00] INFO [api_logger:784] Programa finalizado com o codigo [199] | Tempo online [20.273s]
[04/May/2021 14:24:36] INFO [api_logger:41] Programa Iniciado.
[04/May/2021 14:25:42] INFO [api_logger:39] Programa Iniciado.
[04/May/2021 14:26:03] INFO [api_logger:41] Programa Iniciado.
[04/May/2021 14:35:27] INFO [api_logger:39] Programa Iniciado.
[04/May/2021 14:35:49] INFO [api_logger:39] Programa Iniciado.
[04/May/2021 14:36:21] INFO [api_logger:41] Programa Iniciado.
[04/May/2021 14:37:23] INFO [api_logger:39] Programa Iniciado.
[04/May/2021 14:37:55] INFO [api_logger:39] Programa Iniciado.
[04/May/2021 14:38:36] INFO [api_logger:41] Programa Iniciado.
[04/May/2021 14:40:32] INFO [api_logger:39] Programa Iniciado.
[04/May/2021 14:40:43] INFO [api_logger:752] Programa finalizado com o codigo [200] | Tempo online [10.752s]
[04/May/2021 14:41:10] INFO [api_logger:39] Programa Iniciado.
[04/May/2021 14:41:29] INFO [api_logger:39] Programa Iniciado.
[04/May/2021 14:41:40] INFO [api_logger:752] Programa finalizado com o codigo [200] | Tempo online [11.19s]
[04/May/2021 14:41:48] INFO [api_logger:39] Programa Iniciado.
[04/May/2021 14:42:04] INFO [api_logger:752] Programa finalizado com o codigo [200] | Tempo online [15.892s]
[04/May/2021 15:45:12] INFO [api_logger:39] Programa Iniciado.
[04/May/2021 15:45:52] INFO [api_logger:868] Programa finalizado com o codigo [200] | Tempo online [40.263s]
[04/May/2021 16:05:58] INFO [api_logger:39] Programa Iniciado.
[04/May/2021 16:06:27] INFO [api_logger:39] Programa Iniciado.
[04/May/2021 16:06:59] INFO [api_logger:41] Programa Iniciado.
[04/May/2021 16:07:55] INFO [api_logger:39] Programa Iniciado.
[04/May/2021 16:11:48] INFO [api_logger:39] Programa Iniciado.
[04/May/2021 16:21:15] INFO [api_logger:39] Programa Iniciado.
[04/May/2021 16:21:38] INFO [api_logger:870] Programa finalizado com o codigo [200] | Tempo online [22.942s]
[04/May/2021 16:21:40] INFO [api_logger:39] Programa Iniciado.
[05/May/2021 08:18:14] INFO [api_logger:39] Programa Iniciado.
[05/May/2021 08:21:08] INFO [api_logger:41] Programa Iniciado.
[05/May/2021 08:22:02] INFO [api_logger:41] Programa Iniciado.
[05/May/2021 08:27:05] INFO [api_logger:39] Programa Iniciado.
[05/May/2021 08:27:47] INFO [api_logger:39] Programa Iniciado.
[05/May/2021 08:31:00] INFO [api_logger:39] Programa Iniciado.
[05/May/2021 08:32:03] INFO [api_logger:39] Programa Iniciado.
[05/May/2021 08:32:46] INFO [api_logger:39] Programa Iniciado.
[05/May/2021 08:37:27] INFO [api_logger:39] Programa Iniciado.
[05/May/2021 08:38:27] INFO [api_logger:39] Programa Iniciado.
[05/May/2021 08:39:43] INFO [api_logger:39] Programa Iniciado.
[05/May/2021 08:40:08] INFO [api_logger:39] Programa Iniciado.
[05/May/2021 08:40:25] INFO [api_logger:41] Programa Iniciado.
[05/May/2021 08:49:28] INFO [api_logger:39] Programa Iniciado.
[05/May/2021 08:49:50] INFO [api_logger:39] Programa Iniciado.
[05/May/2021 08:50:12] INFO [api_logger:39] Programa Iniciado.
[05/May/2021 08:51:25] INFO [api_logger:39] Programa Iniciado.
[05/May/2021 08:54:18] INFO [api_logger:39] Programa Iniciado.
[05/May/2021 08:56:13] INFO [api_logger:39] Programa Iniciado.
[05/May/2021 08:58:48] INFO [api_logger:39] Programa Iniciado.
[05/May/2021 08:59:16] INFO [api_logger:41] Programa Iniciado.
[05/May/2021 10:06:49] INFO [api_logger:39] Programa Iniciado.
[05/May/2021 10:07:30] INFO [api_logger:39] Programa Iniciado.
[05/May/2021 10:07:46] INFO [api_logger:39] Programa Iniciado.
[05/May/2021 10:15:54] INFO [api_logger:41] Programa Iniciado.
[05/May/2021 10:16:32] INFO [api_logger:41] Programa Iniciado.
[05/May/2021 10:17:48] INFO [api_logger:882] Programa finalizado com o codigo [200] | Tempo online [76.342s]
[05/May/2021 10:22:19] INFO [api_logger:41] Programa Iniciado.
[05/May/2021 10:23:08] INFO [api_logger:41] Programa Iniciado.
[05/May/2021 10:24:13] WARNING [api_logger:929] As informacoes do arquivo temporario nao foram salvas.
[05/May/2021 10:24:13] INFO [api_logger:930] Programa finalizado com o codigo [199] | Tempo online [65.325s]
[05/May/2021 10:33:59] INFO [api_logger:41] Programa Iniciado.
[05/May/2021 10:34:28] INFO [api_logger:41] Programa Iniciado.
[05/May/2021 10:34:43] INFO [api_logger:41] Programa Iniciado.
[05/May/2021 10:35:04] INFO [api_logger:41] Programa Iniciado.
[05/May/2021 10:36:57] INFO [api_logger:41] Programa Iniciado.
[05/May/2021 10:37:59] INFO [api_logger:41] Programa Iniciado.
[05/May/2021 10:39:56] INFO [api_logger:41] Programa Iniciado.
[05/May/2021 10:40:16] INFO [api_logger:41] Programa Iniciado.
[05/May/2021 10:42:09] INFO [api_logger:41] Programa Iniciado.
[05/May/2021 10:47:10] INFO [api_logger:41] Programa Iniciado.
[05/May/2021 10:48:19] INFO [api_logger:41] Programa Iniciado.
[05/May/2021 10:48:42] INFO [api_logger:43] Programa Iniciado.
[05/May/2021 10:50:51] INFO [api_logger:41] Programa Iniciado.
[05/May/2021 10:50:58] INFO [api_logger:43] Programa Iniciado.
[05/May/2021 10:53:08] INFO [api_logger:41] Programa Iniciado.
[05/May/2021 10:53:11] INFO [api_logger:885] Programa finalizado com o codigo [200] | Tempo online [2.751s]
[05/May/2021 10:54:07] INFO [api_logger:43] Programa Iniciado.
[05/May/2021 10:55:42] INFO [api_logger:43] Programa Iniciado.
[05/May/2021 10:57:13] INFO [api_logger:41] Programa Iniciado.
[05/May/2021 10:57:28] INFO [api_logger:43] Programa Iniciado.
[05/May/2021 10:57:32] INFO [api_logger:885] Programa finalizado com o codigo [200] | Tempo online [4.515s]
[05/May/2021 10:57:52] INFO [api_logger:43] Programa Iniciado.
[05/May/2021 10:59:15] INFO [api_logger:41] Programa Iniciado.
[05/May/2021 10:59:28] INFO [api_logger:43] Programa Iniciado.
[05/May/2021 11:04:25] INFO [api_logger:41] Programa Iniciado.
[05/May/2021 14:33:15] INFO [api_logger:41] Programa Iniciado.
[05/May/2021 15:37:31] INFO [api_logger:41] Programa Iniciado.
[05/May/2021 15:38:37] INFO [api_logger:41] Programa Iniciado.
[05/May/2021 15:39:28] INFO [api_logger:43] Programa Iniciado.
[05/May/2021 15:43:41] INFO [api_logger:41] Programa Iniciado.
[05/May/2021 15:43:47] INFO [api_logger:41] Programa Iniciado.
[05/May/2021 15:46:23] INFO [api_logger:41] Programa Iniciado.
[05/May/2021 15:47:22] INFO [api_logger:887] Programa finalizado com o codigo [200] | Tempo online [58.609s]
[05/May/2021 15:53:11] INFO [api_logger:43] Programa Iniciado.
[05/May/2021 15:55:06] INFO [api_logger:43] Programa Iniciado.
[05/May/2021 15:56:10] INFO [api_logger:43] Programa Iniciado.
[07/May/2021 13:49:36] INFO [api_logger:36] Programa Iniciado.
[07/May/2021 13:50:41] WARNING [api_logger:752] As informacoes do arquivo temporario foram salvas.
[07/May/2021 13:50:41] INFO [api_logger:759] Programa finalizado com o codigo [201] | Tempo online [64.801s]
[10/May/2021 10:38:34] INFO [api_logger:36] Programa Iniciado.
[10/May/2021 10:50:15] WARNING [api_logger:758] As informacoes do arquivo temporario nao foram salvas.
[10/May/2021 10:50:15] INFO [api_logger:759] Programa finalizado com o codigo [199] | Tempo online [701.325s]
[13/May/2021 09:26:19] INFO [api_logger:36] Programa Iniciado.
